<?xml version="1.0" encoding="UTF-8"?>
<testsuite xmlns:xsi="http://www.w3.org/2001/XMLSchema-instance" xsi:noNamespaceSchemaLocation="https://maven.apache.org/surefire/maven-surefire-plugin/xsd/surefire-test-report.xsd" version="3.0.2" name="com.sudoku.SudokuBoardTest" time="0.025" tests="18" errors="0" skipped="0" failures="0">
  <properties>
[...]
</properties>
  <testcase name="placesNumberInEditableCell" classname="com.sudoku.SudokuBoardTest" time="0.001"/>
  <testcase name="reportsIncompleteBoardAsNotFull" classname="com.sudoku.SudokuBoardTest" time="0.001"/>
  <testcase name="rejectsPuzzleWithoutNineRows" classname="com.sudoku.SudokuBoardTest" time="0.0"/>
  <testcase name="reportsCompletedBoardAsFull" classname="com.sudoku.SudokuBoardTest" time="0.001"/>
  <testcase name="copiesTheInitialPuzzle" classname="com.sudoku.SudokuBoardTest" time="0.001"/>
  <testcase name="clearsEditableCell" classname="com.sudoku.SudokuBoardTest" time="0.0"/>
  <testcase name="rejectsChangesToPreFilledCell" classname="com.sudoku.SudokuBoardTest" time="0.001"/>
  <testcase name="rejectsCellValuesOutsideZeroToNine(int)[1]" classname="com.sudoku.SudokuBoardTest" time="0.001"/>
  <testcase name="rejectsCellValuesOutsideZeroToNine(int)[2]" classname="com.sudoku.SudokuBoardTest" time="0.0"/>
  <testcase name="returnsIndependentSnapshot" classname="com.sudoku.SudokuBoardTest" time="0.001"/>
  <testcase name="rejectsClearingPreFilledCell" classname="com.sudoku.SudokuBoardTest" time="0.001"/>
  <testcase name="returnsValuesFromInitialPuzzle" classname="com.sudoku.SudokuBoardTest" time="0.002"/>
  <testcase name="rejectsInvalidValuesWhenSettingCell(int)[1]" classname="com.sudoku.SudokuBoardTest" time="0.002"/>
  <testcase name="rejectsInvalidValuesWhenSettingCell(int)[2]" classname="com.sudoku.SudokuBoardTest" time="0.001"/>
  <testcase name="rejectsInvalidValuesWhenSettingCell(int)[3]" classname="com.sudoku.SudokuBoardTest" time="0.001"/>
  <testcase name="identifiesPreFilledAndEditableCells" classname="com.sudoku.SudokuBoardTest" time="0.0"/>
  <testcase name="rejectsPuzzleRowsWithoutNineColumns" classname="com.sudoku.SudokuBoardTest" time="0.001"/>
  <testcase name="displaysBoardWithHeadingsAndEmptyCells" classname="com.sudoku.SudokuBoardTest" time="0.001"/>
</testsuite>