<?xml version="1.0" encoding="UTF-8"?>
<testsuite xmlns:xsi="http://www.w3.org/2001/XMLSchema-instance" xsi:noNamespaceSchemaLocation="https://maven.apache.org/surefire/maven-surefire-plugin/xsd/surefire-test-report.xsd" version="3.0.2" name="com.sudoku.SudokuSolverTest" time="0.033" tests="5" errors="0" skipped="0" failures="0">
  <properties>
[...]
</properties>
  <testcase name="countsOneSolutionForUniquePuzzle" classname="com.sudoku.SudokuSolverTest" time="0.018"/>
  <testcase name="stopsCountingAtSpecifiedLimit" classname="com.sudoku.SudokuSolverTest" time="0.001"/>
  <testcase name="countsZeroSolutionsForInvalidGrid" classname="com.sudoku.SudokuSolverTest" time="0.001"/>
  <testcase name="solvesGridWithOneEmptyCell" classname="com.sudoku.SudokuSolverTest" time="0.001"/>
  <testcase name="doesNotSolveFullyFilledInvalidGrid" classname="com.sudoku.SudokuSolverTest" time="0.001"/>
</testsuite>